<?xml version="1.0" encoding="UTF-8"?>
<testng-results skipped="0" failed="0" ignored="0" total="1" passed="1">
  <reporter-output>
  </reporter-output>
  <suite name="Default suite" duration-ms="43694" started-at="2021-01-28T15:12:11 IST" finished-at="2021-01-28T15:12:55 IST">
    <groups>
      <group name="cucumber">
        <method signature="AbstractTestNGCucumberTests.runScenario(io.cucumber.testng.PickleWrapper, io.cucumber.testng.FeatureWrapper)[pri:0, instance:runner.Runner@4d50efb8]" name="runScenario" class="io.cucumber.testng.AbstractTestNGCucumberTests"/>
      </group> <!-- cucumber -->
    </groups>
    <test name="Default test" duration-ms="43694" started-at="2021-01-28T15:12:11 IST" finished-at="2021-01-28T15:12:55 IST">
      <class name="runner.Runner">
        <test-method status="PASS" signature="setUpClass()[pri:0, instance:runner.Runner@4d50efb8]" name="setUpClass" is-config="true" duration-ms="730" started-at="2021-01-28T15:12:11 IST" finished-at="2021-01-28T15:12:12 IST">
          <reporter-output>
          </reporter-output>
        </test-method> <!-- setUpClass -->
        <test-method status="PASS" signature="runScenario(io.cucumber.testng.PickleWrapper, io.cucumber.testng.FeatureWrapper)[pri:0, instance:runner.Runner@4d50efb8]" name="runScenario" duration-ms="39941" started-at="2021-01-28T15:12:12 IST" description="Runs Cucumber Scenarios" data-provider="scenarios" finished-at="2021-01-28T15:12:52 IST">
          <params>
            <param index="0">
              <value>
                <![CDATA["As a valid user I wnat to create an oraganization"]]>
              </value>
            </param>
            <param index="1">
              <value>
                <![CDATA["Optional[Organization feature]"]]>
              </value>
            </param>
          </params>
          <reporter-output>
          </reporter-output>
        </test-method> <!-- runScenario -->
        <test-method status="PASS" signature="tearDownClass()[pri:0, instance:runner.Runner@4d50efb8]" name="tearDownClass" is-config="true" duration-ms="2963" started-at="2021-01-28T15:12:52 IST" finished-at="2021-01-28T15:12:55 IST">
          <reporter-output>
          </reporter-output>
        </test-method> <!-- tearDownClass -->
      </class> <!-- runner.Runner -->
    </test> <!-- Default test -->
  </suite> <!-- Default suite -->
</testng-results>
